0 info it worked if it ends with ok
1 verbose cli [ '/usr/bin/node',
1 verbose cli   '/usr/bin/npm',
1 verbose cli   'install',
1 verbose cli   '-g',
1 verbose cli   '@angular/cli' ]
2 info using npm@3.5.2
3 info using node@v8.10.0
4 silly loadCurrentTree Starting
5 silly install loadCurrentTree
6 silly install readGlobalPackageData
7 silly fetchPackageMetaData @angular/cli
8 silly fetchNamedPackageData @angular/cli
9 silly mapToRegistry name @angular/cli
10 silly mapToRegistry scope (from package name) @angular
11 verbose mapToRegistry no registry URL found in name for scope @angular
12 silly mapToRegistry using default registry
13 silly mapToRegistry registry https://registry.npmjs.org/
14 silly mapToRegistry uri https://registry.npmjs.org/@angular%2fcli
15 verbose request uri https://registry.npmjs.org/@angular%2fcli
16 verbose request no auth needed
17 info attempt registry request try #1 at 3:58:06 PM
18 verbose request id 6b30cc24ef43787f
19 http request GET https://registry.npmjs.org/@angular%2fcli
20 http 200 https://registry.npmjs.org/@angular%2fcli
21 verbose headers { date: 'Mon, 28 Oct 2019 17:58:06 GMT',
21 verbose headers   'content-type': 'application/json',
21 verbose headers   'transfer-encoding': 'chunked',
21 verbose headers   connection: 'keep-alive',
21 verbose headers   'set-cookie':
21 verbose headers    [ '__cfduid=d3c2fea4d53d982c8a54cc72700e096bc1572285486; expires=Tue, 27-Oct-20 17:58:06 GMT; path=/; domain=.npmjs.org; HttpOnly' ],
21 verbose headers   'cf-cache-status': 'HIT',
21 verbose headers   'cache-control': 'public, max-age=300',
21 verbose headers   'cf-ray': '52cecbc07bc74b2b-GRU',
21 verbose headers   age: '2789',
21 verbose headers   etag: 'W/"be4b6a91e248a7a2277eac722869bac3"',
21 verbose headers   'expect-ct': 'max-age=604800, report-uri="https://report-uri.cloudflare.com/cdn-cgi/beacon/expect-ct"',
21 verbose headers   'last-modified': 'Fri, 25 Oct 2019 22:29:15 GMT',
21 verbose headers   vary: 'Accept-Encoding',
21 verbose headers   'x-amz-meta-rev': '454-7f16bdaadb87672d933eab4fe9314177',
21 verbose headers   server: 'cloudflare',
21 verbose headers   'content-encoding': 'gzip' }
22 silly get cb [ 200,
22 silly get   { date: 'Mon, 28 Oct 2019 17:58:06 GMT',
22 silly get     'content-type': 'application/json',
22 silly get     'transfer-encoding': 'chunked',
22 silly get     connection: 'keep-alive',
22 silly get     'set-cookie':
22 silly get      [ '__cfduid=d3c2fea4d53d982c8a54cc72700e096bc1572285486; expires=Tue, 27-Oct-20 17:58:06 GMT; path=/; domain=.npmjs.org; HttpOnly' ],
22 silly get     'cf-cache-status': 'HIT',
22 silly get     'cache-control': 'public, max-age=300',
22 silly get     'cf-ray': '52cecbc07bc74b2b-GRU',
22 silly get     age: '2789',
22 silly get     etag: 'W/"be4b6a91e248a7a2277eac722869bac3"',
22 silly get     'expect-ct': 'max-age=604800, report-uri="https://report-uri.cloudflare.com/cdn-cgi/beacon/expect-ct"',
22 silly get     'last-modified': 'Fri, 25 Oct 2019 22:29:15 GMT',
22 silly get     vary: 'Accept-Encoding',
22 silly get     'x-amz-meta-rev': '454-7f16bdaadb87672d933eab4fe9314177',
22 silly get     server: 'cloudflare',
22 silly get     'content-encoding': 'gzip' } ]
23 verbose get saving @angular/cli to /home/paulinojr/.npm/registry.npmjs.org/_40angular_252fcli/.cache.json
24 silly rollbackFailedOptional Starting
25 silly rollbackFailedOptional Finishing
26 silly runTopLevelLifecycles Starting
27 silly runTopLevelLifecycles Finishing
28 silly install printInstalled
29 verbose stack Error: EACCES: permission denied, mkdir '/usr/local/lib'
30 verbose cwd /home/paulinojr/Documents/NetshoesRaquelNogueira
31 error Linux 4.15.0-50-generic
32 error argv "/usr/bin/node" "/usr/bin/npm" "install" "-g" "@angular/cli"
33 error node v8.10.0
34 error npm  v3.5.2
35 error path /usr/local/lib
36 error code EACCES
37 error errno -13
38 error syscall mkdir
39 error Error: EACCES: permission denied, mkdir '/usr/local/lib'
39 error  { Error: EACCES: permission denied, mkdir '/usr/local/lib'
39 error   errno: -13,
39 error   code: 'EACCES',
39 error   syscall: 'mkdir',
39 error   path: '/usr/local/lib' }
40 error Please try running this command again as root/Administrator.
41 verbose exit [ -13, true ]
